d:\win8\win8 data and apps\17-18 works\nie2211 studio ii\semester 1\resources\week07\dx11tut45_winsdk\engine\engine\debug\vc140.pdb
d:\win8\win8 data and apps\17-18 works\nie2211 studio ii\semester 1\resources\week07\dx11tut45_winsdk\engine\engine\debug\vc140.idb
d:\win8\win8 data and apps\17-18 works\nie2211 studio ii\semester 1\resources\week07\dx11tut45_winsdk\engine\engine\debug\bumpmapshaderclass.obj
d:\win8\win8 data and apps\17-18 works\nie2211 studio ii\semester 1\resources\week07\dx11tut45_winsdk\engine\engine\debug\bumpmodelclass.obj
d:\win8\win8 data and apps\17-18 works\nie2211 studio ii\semester 1\resources\week07\dx11tut45_winsdk\engine\engine\debug\cameraclass.obj
d:\win8\win8 data and apps\17-18 works\nie2211 studio ii\semester 1\resources\week07\dx11tut45_winsdk\engine\engine\debug\d3dclass.obj
d:\win8\win8 data and apps\17-18 works\nie2211 studio ii\semester 1\resources\week07\dx11tut45_winsdk\engine\engine\debug\ddstextureloader.obj
d:\win8\win8 data and apps\17-18 works\nie2211 studio ii\semester 1\resources\week07\dx11tut45_winsdk\engine\engine\debug\graphicsclass.obj
d:\win8\win8 data and apps\17-18 works\nie2211 studio ii\semester 1\resources\week07\dx11tut45_winsdk\engine\engine\debug\inputclass.obj
d:\win8\win8 data and apps\17-18 works\nie2211 studio ii\semester 1\resources\week07\dx11tut45_winsdk\engine\engine\debug\lightclass.obj
d:\win8\win8 data and apps\17-18 works\nie2211 studio ii\semester 1\resources\week07\dx11tut45_winsdk\engine\engine\debug\lightshaderclass.obj
d:\win8\win8 data and apps\17-18 works\nie2211 studio ii\semester 1\resources\week07\dx11tut45_winsdk\engine\engine\debug\main.obj
d:\win8\win8 data and apps\17-18 works\nie2211 studio ii\semester 1\resources\week07\dx11tut45_winsdk\engine\engine\debug\modelclass.obj
d:\win8\win8 data and apps\17-18 works\nie2211 studio ii\semester 1\resources\week07\dx11tut45_winsdk\engine\engine\debug\shadermanagerclass.obj
d:\win8\win8 data and apps\17-18 works\nie2211 studio ii\semester 1\resources\week07\dx11tut45_winsdk\engine\engine\debug\systemclass.obj
d:\win8\win8 data and apps\17-18 works\nie2211 studio ii\semester 1\resources\week07\dx11tut45_winsdk\engine\engine\debug\textureclass.obj
d:\win8\win8 data and apps\17-18 works\nie2211 studio ii\semester 1\resources\week07\dx11tut45_winsdk\engine\engine\debug\textureshaderclass.obj
d:\win8\win8 data and apps\17-18 works\nie2211 studio ii\semester 1\week 6 - transformations\route-2 dx11.1 - oo\dx11tut45_winsdk\engine\engine\debug\vc140.pdb
d:\win8\win8 data and apps\17-18 works\nie2211 studio ii\semester 1\week 6 - transformations\route-2 dx11.1 - oo\dx11tut45_winsdk\engine\engine\debug\vc140.idb
d:\win8\win8 data and apps\17-18 works\nie2211 studio ii\semester 1\week 6 - transformations\route-2 dx11.1 - oo\dx11tut45_winsdk\engine\engine\debug\bumpmapshaderclass.obj
d:\win8\win8 data and apps\17-18 works\nie2211 studio ii\semester 1\week 6 - transformations\route-2 dx11.1 - oo\dx11tut45_winsdk\engine\engine\debug\bumpmodelclass.obj
d:\win8\win8 data and apps\17-18 works\nie2211 studio ii\semester 1\week 6 - transformations\route-2 dx11.1 - oo\dx11tut45_winsdk\engine\engine\debug\cameraclass.obj
d:\win8\win8 data and apps\17-18 works\nie2211 studio ii\semester 1\week 6 - transformations\route-2 dx11.1 - oo\dx11tut45_winsdk\engine\engine\debug\d3dclass.obj
d:\win8\win8 data and apps\17-18 works\nie2211 studio ii\semester 1\week 6 - transformations\route-2 dx11.1 - oo\dx11tut45_winsdk\engine\engine\debug\ddstextureloader.obj
d:\win8\win8 data and apps\17-18 works\nie2211 studio ii\semester 1\week 6 - transformations\route-2 dx11.1 - oo\dx11tut45_winsdk\engine\engine\debug\graphicsclass.obj
d:\win8\win8 data and apps\17-18 works\nie2211 studio ii\semester 1\week 6 - transformations\route-2 dx11.1 - oo\dx11tut45_winsdk\engine\engine\debug\inputclass.obj
d:\win8\win8 data and apps\17-18 works\nie2211 studio ii\semester 1\week 6 - transformations\route-2 dx11.1 - oo\dx11tut45_winsdk\engine\engine\debug\lightclass.obj
d:\win8\win8 data and apps\17-18 works\nie2211 studio ii\semester 1\week 6 - transformations\route-2 dx11.1 - oo\dx11tut45_winsdk\engine\engine\debug\lightshaderclass.obj
d:\win8\win8 data and apps\17-18 works\nie2211 studio ii\semester 1\week 6 - transformations\route-2 dx11.1 - oo\dx11tut45_winsdk\engine\engine\debug\main.obj
d:\win8\win8 data and apps\17-18 works\nie2211 studio ii\semester 1\week 6 - transformations\route-2 dx11.1 - oo\dx11tut45_winsdk\engine\engine\debug\modelclass.obj
d:\win8\win8 data and apps\17-18 works\nie2211 studio ii\semester 1\week 6 - transformations\route-2 dx11.1 - oo\dx11tut45_winsdk\engine\engine\debug\shadermanagerclass.obj
d:\win8\win8 data and apps\17-18 works\nie2211 studio ii\semester 1\week 6 - transformations\route-2 dx11.1 - oo\dx11tut45_winsdk\engine\engine\debug\systemclass.obj
d:\win8\win8 data and apps\17-18 works\nie2211 studio ii\semester 1\week 6 - transformations\route-2 dx11.1 - oo\dx11tut45_winsdk\engine\engine\debug\textureclass.obj
d:\win8\win8 data and apps\17-18 works\nie2211 studio ii\semester 1\week 6 - transformations\route-2 dx11.1 - oo\dx11tut45_winsdk\engine\engine\debug\textureshaderclass.obj
d:\win8\win8 data and apps\17-18 works\nie2211 studio ii\semester 1\week 7 - assignment support\route-2 dx11.1 - oo\dx11tut45_winsdk\engine\engine\debug\vc140.pdb
d:\win8\win8 data and apps\17-18 works\nie2211 studio ii\semester 1\week 7 - assignment support\route-2 dx11.1 - oo\dx11tut45_winsdk\engine\engine\debug\vc140.idb
d:\win8\win8 data and apps\17-18 works\nie2211 studio ii\semester 1\week 7 - assignment support\route-2 dx11.1 - oo\dx11tut45_winsdk\engine\engine\debug\bumpmapshaderclass.obj
d:\win8\win8 data and apps\17-18 works\nie2211 studio ii\semester 1\week 7 - assignment support\route-2 dx11.1 - oo\dx11tut45_winsdk\engine\engine\debug\bumpmodelclass.obj
d:\win8\win8 data and apps\17-18 works\nie2211 studio ii\semester 1\week 7 - assignment support\route-2 dx11.1 - oo\dx11tut45_winsdk\engine\engine\debug\cameraclass.obj
d:\win8\win8 data and apps\17-18 works\nie2211 studio ii\semester 1\week 7 - assignment support\route-2 dx11.1 - oo\dx11tut45_winsdk\engine\engine\debug\d3dclass.obj
d:\win8\win8 data and apps\17-18 works\nie2211 studio ii\semester 1\week 7 - assignment support\route-2 dx11.1 - oo\dx11tut45_winsdk\engine\engine\debug\ddstextureloader.obj
d:\win8\win8 data and apps\17-18 works\nie2211 studio ii\semester 1\week 7 - assignment support\route-2 dx11.1 - oo\dx11tut45_winsdk\engine\engine\debug\graphicsclass.obj
d:\win8\win8 data and apps\17-18 works\nie2211 studio ii\semester 1\week 7 - assignment support\route-2 dx11.1 - oo\dx11tut45_winsdk\engine\engine\debug\inputclass.obj
d:\win8\win8 data and apps\17-18 works\nie2211 studio ii\semester 1\week 7 - assignment support\route-2 dx11.1 - oo\dx11tut45_winsdk\engine\engine\debug\lightclass.obj
d:\win8\win8 data and apps\17-18 works\nie2211 studio ii\semester 1\week 7 - assignment support\route-2 dx11.1 - oo\dx11tut45_winsdk\engine\engine\debug\lightshaderclass.obj
d:\win8\win8 data and apps\17-18 works\nie2211 studio ii\semester 1\week 7 - assignment support\route-2 dx11.1 - oo\dx11tut45_winsdk\engine\engine\debug\main.obj
d:\win8\win8 data and apps\17-18 works\nie2211 studio ii\semester 1\week 7 - assignment support\route-2 dx11.1 - oo\dx11tut45_winsdk\engine\engine\debug\modelclass.obj
d:\win8\win8 data and apps\17-18 works\nie2211 studio ii\semester 1\week 7 - assignment support\route-2 dx11.1 - oo\dx11tut45_winsdk\engine\engine\debug\shadermanagerclass.obj
d:\win8\win8 data and apps\17-18 works\nie2211 studio ii\semester 1\week 7 - assignment support\route-2 dx11.1 - oo\dx11tut45_winsdk\engine\engine\debug\systemclass.obj
d:\win8\win8 data and apps\17-18 works\nie2211 studio ii\semester 1\week 7 - assignment support\route-2 dx11.1 - oo\dx11tut45_winsdk\engine\engine\debug\textureclass.obj
d:\win8\win8 data and apps\17-18 works\nie2211 studio ii\semester 1\week 7 - assignment support\route-2 dx11.1 - oo\dx11tut45_winsdk\engine\engine\debug\textureshaderclass.obj
j:\z_xu\nie2211 computer games studio 2\semester 1\tutorials\week 5 - assignment support\route-2 dx11.1 - oo\dx11tut45_winsdk\engine\engine\debug\vc140.pdb
j:\z_xu\nie2211 computer games studio 2\semester 1\tutorials\week 5 - assignment support\route-2 dx11.1 - oo\dx11tut45_winsdk\engine\engine\debug\vc140.idb
j:\z_xu\nie2211 computer games studio 2\semester 1\tutorials\week 5 - assignment support\route-2 dx11.1 - oo\dx11tut45_winsdk\engine\engine\debug\bumpmapshaderclass.obj
j:\z_xu\nie2211 computer games studio 2\semester 1\tutorials\week 5 - assignment support\route-2 dx11.1 - oo\dx11tut45_winsdk\engine\engine\debug\bumpmodelclass.obj
j:\z_xu\nie2211 computer games studio 2\semester 1\tutorials\week 5 - assignment support\route-2 dx11.1 - oo\dx11tut45_winsdk\engine\engine\debug\cameraclass.obj
j:\z_xu\nie2211 computer games studio 2\semester 1\tutorials\week 5 - assignment support\route-2 dx11.1 - oo\dx11tut45_winsdk\engine\engine\debug\d3dclass.obj
j:\z_xu\nie2211 computer games studio 2\semester 1\tutorials\week 5 - assignment support\route-2 dx11.1 - oo\dx11tut45_winsdk\engine\engine\debug\ddstextureloader.obj
j:\z_xu\nie2211 computer games studio 2\semester 1\tutorials\week 5 - assignment support\route-2 dx11.1 - oo\dx11tut45_winsdk\engine\engine\debug\graphicsclass.obj
j:\z_xu\nie2211 computer games studio 2\semester 1\tutorials\week 5 - assignment support\route-2 dx11.1 - oo\dx11tut45_winsdk\engine\engine\debug\inputclass.obj
j:\z_xu\nie2211 computer games studio 2\semester 1\tutorials\week 5 - assignment support\route-2 dx11.1 - oo\dx11tut45_winsdk\engine\engine\debug\lightclass.obj
j:\z_xu\nie2211 computer games studio 2\semester 1\tutorials\week 5 - assignment support\route-2 dx11.1 - oo\dx11tut45_winsdk\engine\engine\debug\lightshaderclass.obj
j:\z_xu\nie2211 computer games studio 2\semester 1\tutorials\week 5 - assignment support\route-2 dx11.1 - oo\dx11tut45_winsdk\engine\engine\debug\main.obj
j:\z_xu\nie2211 computer games studio 2\semester 1\tutorials\week 5 - assignment support\route-2 dx11.1 - oo\dx11tut45_winsdk\engine\engine\debug\modelclass.obj
j:\z_xu\nie2211 computer games studio 2\semester 1\tutorials\week 5 - assignment support\route-2 dx11.1 - oo\dx11tut45_winsdk\engine\engine\debug\shadermanagerclass.obj
j:\z_xu\nie2211 computer games studio 2\semester 1\tutorials\week 5 - assignment support\route-2 dx11.1 - oo\dx11tut45_winsdk\engine\engine\debug\systemclass.obj
j:\z_xu\nie2211 computer games studio 2\semester 1\tutorials\week 5 - assignment support\route-2 dx11.1 - oo\dx11tut45_winsdk\engine\engine\debug\textureclass.obj
j:\z_xu\nie2211 computer games studio 2\semester 1\tutorials\week 5 - assignment support\route-2 dx11.1 - oo\dx11tut45_winsdk\engine\engine\debug\textureshaderclass.obj
d:\win8\win8 data and apps\17-18 works\nie2211 studio ii\semester 1\resources\week07\dx11tut45_winsdk\engine\debug\engine.ilk
d:\win8\win8 data and apps\17-18 works\nie2211 studio ii\semester 1\resources\week07\dx11tut45_winsdk\engine\debug\engine.exe
d:\win8\win8 data and apps\17-18 works\nie2211 studio ii\semester 1\resources\week07\dx11tut45_winsdk\engine\debug\engine.pdb
d:\win8\win8 data and apps\17-18 works\nie2211 studio ii\semester 1\week 6 - transformations\route-2 dx11.1 - oo\dx11tut45_winsdk\engine\debug\engine.ilk
d:\win8\win8 data and apps\17-18 works\nie2211 studio ii\semester 1\week 6 - transformations\route-2 dx11.1 - oo\dx11tut45_winsdk\engine\debug\engine.exe
d:\win8\win8 data and apps\17-18 works\nie2211 studio ii\semester 1\week 6 - transformations\route-2 dx11.1 - oo\dx11tut45_winsdk\engine\debug\engine.pdb
d:\win8\win8 data and apps\17-18 works\nie2211 studio ii\semester 1\week 7 - assignment support\route-2 dx11.1 - oo\dx11tut45_winsdk\engine\debug\engine.ilk
d:\win8\win8 data and apps\17-18 works\nie2211 studio ii\semester 1\week 7 - assignment support\route-2 dx11.1 - oo\dx11tut45_winsdk\engine\debug\engine.exe
d:\win8\win8 data and apps\17-18 works\nie2211 studio ii\semester 1\week 7 - assignment support\route-2 dx11.1 - oo\dx11tut45_winsdk\engine\debug\engine.pdb
j:\z_xu\nie2211 computer games studio 2\semester 1\tutorials\week 5 - assignment support\route-2 dx11.1 - oo\dx11tut45_winsdk\engine\debug\engine.ilk
j:\z_xu\nie2211 computer games studio 2\semester 1\tutorials\week 5 - assignment support\route-2 dx11.1 - oo\dx11tut45_winsdk\engine\debug\engine.exe
j:\z_xu\nie2211 computer games studio 2\semester 1\tutorials\week 5 - assignment support\route-2 dx11.1 - oo\dx11tut45_winsdk\engine\debug\engine.pdb
c:\work\nie2211\week 5 - assignment support\dx11tut45_winsdk\engine\engine\debug\bumpmapshaderclass.obj
c:\work\nie2211\week 5 - assignment support\dx11tut45_winsdk\engine\engine\debug\bumpmodelclass.obj
c:\work\nie2211\week 5 - assignment support\dx11tut45_winsdk\engine\engine\debug\cameraclass.obj
c:\work\nie2211\week 5 - assignment support\dx11tut45_winsdk\engine\engine\debug\d3dclass.obj
c:\work\nie2211\week 5 - assignment support\dx11tut45_winsdk\engine\engine\debug\ddstextureloader.obj
c:\work\nie2211\week 5 - assignment support\dx11tut45_winsdk\engine\engine\debug\graphicsclass.obj
c:\work\nie2211\week 5 - assignment support\dx11tut45_winsdk\engine\engine\debug\inputclass.obj
c:\work\nie2211\week 5 - assignment support\dx11tut45_winsdk\engine\engine\debug\lightclass.obj
c:\work\nie2211\week 5 - assignment support\dx11tut45_winsdk\engine\engine\debug\lightshaderclass.obj
c:\work\nie2211\week 5 - assignment support\dx11tut45_winsdk\engine\engine\debug\main.obj
c:\work\nie2211\week 5 - assignment support\dx11tut45_winsdk\engine\engine\debug\modelclass.obj
c:\work\nie2211\week 5 - assignment support\dx11tut45_winsdk\engine\engine\debug\shadermanagerclass.obj
c:\work\nie2211\week 5 - assignment support\dx11tut45_winsdk\engine\engine\debug\systemclass.obj
c:\work\nie2211\week 5 - assignment support\dx11tut45_winsdk\engine\engine\debug\textureclass.obj
c:\work\nie2211\week 5 - assignment support\dx11tut45_winsdk\engine\engine\debug\textureshaderclass.obj
c:\work\nie2211\week 5 - assignment support\dx11tut45_winsdk\engine\engine\debug\vc140.idb
c:\work\nie2211\week 5 - assignment support\dx11tut45_winsdk\engine\engine\debug\vc140.pdb
c:\work\nie2211\week 5 - assignment support\dx11tut45_winsdk\engine\debug\engine.pdb
c:\work\nie2211\week 5 - assignment support\dx11tut45_winsdk\engine\debug\engine.exe
c:\work\nie2211\week 5 - assignment support\dx11tut45_winsdk\engine\debug\engine.ilk
c:\work\nie2211\week 5 - assignment support\dx11tut45_winsdk\engine\engine\debug\engine.tlog\cl.command.1.tlog
c:\work\nie2211\week 5 - assignment support\dx11tut45_winsdk\engine\engine\debug\engine.tlog\cl.read.1.tlog
c:\work\nie2211\week 5 - assignment support\dx11tut45_winsdk\engine\engine\debug\engine.tlog\cl.write.1.tlog
c:\work\nie2211\week 5 - assignment support\dx11tut45_winsdk\engine\engine\debug\engine.tlog\link.command.1.tlog
c:\work\nie2211\week 5 - assignment support\dx11tut45_winsdk\engine\engine\debug\engine.tlog\link.read.1.tlog
c:\work\nie2211\week 5 - assignment support\dx11tut45_winsdk\engine\engine\debug\engine.tlog\link.write.1.tlog
